2023-09-19 10:20:16,320 [  1] INFO  HFund.Web.MvcApplication - Startup Application
2023-09-19 10:20:29,221 [ 13] INFO  HFund.Web.Controllers.HomeController - cmisupport@cmigroup.com login succesfuly to  FMT 9/19/2023 10:20:29 AM
2023-09-19 10:20:29,405 [ 13] INFO  HFund.Web.Controllers.HomeController - 2 Factor Authentication is not activated for this organization
2023-09-19 10:22:05,338 [ 17] INFO  HFund.Web.ApplicationServices.NotificationManager - SendEmailNotification - (New User Notification)
2023-12-18 10:20:00,594 [  1] INFO  HFund.Web.MvcApplication - Startup Application
2023-12-18 10:20:21,402 [  6] INFO  HFund.Web.Controllers.HomeController - cmisupport@cmigroup.com login succesfuly to  FMT 12/18/2023 10:20:21 AM
2023-12-18 10:20:21,605 [  6] INFO  HFund.Web.Controllers.HomeController - 2 Factor Authentication is not activated for this organization
2023-12-18 10:26:25,056 [ 30] INFO  HFund.Web.Api.ActionsApiController - ConfirmAction / Status will changed from Generated to Deleted / TaskId is 146 / By 405
2023-12-18 10:27:42,496 [ 30] ERROR HFund.Web.Controllers.BaseController - [cmisupport@cmigroup.com][CommonPartialView/ProjectStatusInfo] Object reference not set to an instance of an object.
2023-12-18 10:27:45,325 [ 30] ERROR HFund.Web.Controllers.BaseController - [cmisupport@cmigroup.com][Report/Edit] Error executing child request for handler 'System.Web.Mvc.HttpHandlerUtil+ServerExecuteHttpHandlerAsyncWrapper'.
2023-12-18 10:27:51,350 [ 30] INFO  HFund.Web.Controllers.HomeController - cmisupport@cmigroup.com login succesfuly to  FMT 12/18/2023 10:27:51 AM
2023-12-18 10:27:51,374 [ 30] INFO  HFund.Web.Controllers.HomeController - 2 Factor Authentication is not activated for this organization
2023-12-18 10:59:01,694 [  1] INFO  HFund.Web.MvcApplication - Startup Application
2023-12-18 12:04:57,432 [  1] INFO  HFund.Web.MvcApplication - Startup Application
2023-12-18 12:05:09,576 [  7] INFO  HFund.Web.Controllers.HomeController - cmisupport@cmigroup.com login succesfuly to  FMT 12/18/2023 12:05:09 PM
2023-12-18 12:05:09,760 [  7] INFO  HFund.Web.Controllers.HomeController - 2 Factor Authentication is not activated for this organization
2023-12-18 12:43:48,324 [  1] INFO  HFund.Web.MvcApplication - Startup Application
2023-12-18 12:46:45,089 [  8] INFO  HFund.Web.Controllers.HomeController - cmisupport@cmigroup.com login succesfuly to  FMT 12/18/2023 12:46:45 PM
2023-12-18 12:46:45,280 [  8] INFO  HFund.Web.Controllers.HomeController - 2 Factor Authentication is not activated for this organization
2023-12-18 12:49:02,235 [ 37] INFO  HFund.Web.MvcApplication - Startup Application
2023-12-18 12:49:11,515 [ 30] INFO  HFund.Web.Controllers.HomeController - cmisupport@cmigroup.com login succesfuly to  FMT 12/18/2023 12:49:11 PM
2023-12-18 12:49:11,696 [ 30] INFO  HFund.Web.Controllers.HomeController - 2 Factor Authentication is not activated for this organization
2023-12-18 12:49:54,957 [  1] INFO  HFund.Web.MvcApplication - Startup Application
2023-12-18 12:50:02,383 [ 36] INFO  HFund.Web.Controllers.HomeController - cmisupport@cmigroup.com login succesfuly to  FMT 12/18/2023 12:50:02 PM
2023-12-18 12:50:02,515 [ 36] INFO  HFund.Web.Controllers.HomeController - 2 Factor Authentication is not activated for this organization
2023-12-18 15:05:09,361 [  1] INFO  HFund.Web.MvcApplication - Startup Application
2024-03-06 10:21:38,446 [  1] INFO  HFund.Web.MvcApplication - Startup Application
2024-03-06 10:22:00,936 [  7] INFO  HFund.Web.Controllers.HomeController - cmisupport@cmigroup.com login succesfuly to  FMT 3/6/2024 10:22:00 AM
2024-03-06 10:22:01,196 [  7] INFO  HFund.Web.Controllers.HomeController - 2 Factor Authentication is not activated for this organization
2024-03-08 09:08:01,668 [ 45] INFO  HFund.Web.MvcApplication - Startup Application
2024-03-08 09:08:40,262 [ 50] INFO  HFund.Web.Controllers.HomeController - cmisupport@cmigroup.com login succesfuly to  FMT 3/8/2024 9:08:40 AM
2024-03-08 09:08:40,449 [ 50] INFO  HFund.Web.Controllers.HomeController - 2 Factor Authentication is not activated for this organization
2024-03-08 09:35:06,140 [  1] INFO  HFund.Web.MvcApplication - Startup Application
2024-03-08 09:35:58,688 [ 12] INFO  HFund.Web.Api.ActionsApiController - ConfirmAction / Status will changed from Review by Manager In Progress to Review by Director In Progress / TaskId is 133 / By 405
2024-03-08 09:36:02,541 [ 18] INFO  HFund.Web.Api.ActionsApiController - ConfirmActionForSignature / Status will changed from Review by Director In Progress to Funding Letter Signed by OH / TaskId is 135 / By 405
2024-03-08 09:36:24,123 [ 20] ERROR HFund.Web.Controllers.BaseController - [cmisupport@cmigroup.com][Envelope/ListToSign] Could not find stored procedure 'spGetAllEnvelopesReadyToSign'.
2024-03-08 09:36:44,538 [ 19] INFO  HFund.Web.Controllers.HomeController - cmisupport@cmigroup.com login succesfuly to  FMT 3/8/2024 9:36:44 AM
2024-03-08 09:36:44,544 [ 19] INFO  HFund.Web.Controllers.HomeController - 2 Factor Authentication is not activated for this organization
2024-03-08 09:36:44,737 [ 12] ERROR HFund.Web.Controllers.BaseController - [cmisupport@cmigroup.com][Envelope/ListToSign] Could not find stored procedure 'spGetAllEnvelopesReadyToSign'.
2024-03-08 09:37:31,023 [ 50] INFO  HFund.Web.MvcApplication - Startup Application
2024-03-08 09:37:39,244 [  6] INFO  HFund.Web.Controllers.HomeController - cmisupport@cmigroup.com login succesfuly to  FMT 3/8/2024 9:37:39 AM
2024-03-08 09:37:39,433 [  6] INFO  HFund.Web.Controllers.HomeController - 2 Factor Authentication is not activated for this organization
2024-03-08 09:37:57,254 [ 17] ERROR HFund.Web.Controllers.BaseController - [cmisupport@cmigroup.com][Envelope/ListToSign] Could not find stored procedure 'spGetAllEnvelopesReadyToSign'.
2024-03-08 09:39:04,161 [ 40] INFO  HFund.Web.MvcApplication - Startup Application
2024-03-08 09:39:13,536 [  7] INFO  HFund.Web.Controllers.HomeController - cmisupport@cmigroup.com login succesfuly to  FMT 3/8/2024 9:39:13 AM
2024-03-08 09:39:13,682 [  7] INFO  HFund.Web.Controllers.HomeController - 2 Factor Authentication is not activated for this organization
2024-03-08 09:49:17,830 [ 77] INFO  HFund.Web.MvcApplication - Startup Application
2024-03-08 09:49:26,431 [ 13] INFO  HFund.Web.Controllers.HomeController - cmisupport@cmigroup.com login succesfuly to  FMT 3/8/2024 9:49:26 AM
2024-03-08 09:49:26,616 [ 13] INFO  HFund.Web.Controllers.HomeController - 2 Factor Authentication is not activated for this organization
2024-03-08 09:51:07,382 [ 22] INFO  HFund.Web.Controllers.HomeController - wilbert.yu@cmigroup.com login succesfuly to  FMT 3/8/2024 9:51:07 AM
2024-03-08 09:51:07,398 [ 22] INFO  HFund.Web.Controllers.HomeController - 2 Factor Authentication is not activated for this organization
2024-03-08 09:52:22,919 [ 20] INFO  HFund.Web.Controllers.HomeController - cmisupport@cmigroup.com login succesfuly to  FMT 3/8/2024 9:52:22 AM
2024-03-08 09:52:22,936 [ 20] INFO  HFund.Web.Controllers.HomeController - 2 Factor Authentication is not activated for this organization
2024-03-08 15:11:05,564 [  1] INFO  HFund.Web.MvcApplication - Startup Application
2024-03-08 15:11:18,842 [  9] INFO  HFund.Web.Controllers.HomeController - cmisupport@cmigroup.com login succesfuly to  FMT 3/8/2024 3:11:18 PM
2024-03-08 15:11:19,059 [  9] INFO  HFund.Web.Controllers.HomeController - 2 Factor Authentication is not activated for this organization
2024-03-08 15:32:54,356 [107] INFO  HFund.Web.MvcApplication - Startup Application
2024-03-08 15:33:03,898 [102] INFO  HFund.Web.Controllers.HomeController - cmisupport@cmigroup.com login succesfuly to  FMT 3/8/2024 3:33:03 PM
2024-03-08 15:33:04,093 [102] INFO  HFund.Web.Controllers.HomeController - 2 Factor Authentication is not activated for this organization
2024-03-08 15:48:22,402 [140] INFO  HFund.Web.MvcApplication - Startup Application
2024-03-08 15:48:34,921 [ 62] INFO  HFund.Web.Controllers.HomeController - cmisupport@cmigroup.com login succesfuly to  FMT 3/8/2024 3:48:34 PM
2024-03-08 15:48:35,077 [ 62] INFO  HFund.Web.Controllers.HomeController - 2 Factor Authentication is not activated for this organization
2024-03-08 15:49:13,577 [  1] INFO  HFund.Web.MvcApplication - Startup Application
2024-03-08 15:50:26,230 [ 14] ERROR HFund.Web.Controllers.BaseController - [cmisupport@cmigroup.com][Envelope/ListToSign] Error calling ListRecipients: {"errorCode":"ENVELOPE_DOES_NOT_EXIST","message":"The envelope specified either does not exist or you have no rights to it."}
2024-03-08 15:51:01,974 [  6] INFO  HFund.Web.Controllers.HomeController - cmisupport@cmigroup.com login succesfuly to  FMT 3/8/2024 3:51:01 PM
2024-03-08 15:51:01,995 [  6] INFO  HFund.Web.Controllers.HomeController - 2 Factor Authentication is not activated for this organization
2024-03-08 15:53:39,733 [  7] ERROR HFund.Web.Controllers.BaseController - [cmisupport@cmigroup.com][Envelope/ListToSign] Error calling ListRecipients: {"errorCode":"ENVELOPE_DOES_NOT_EXIST","message":"The envelope specified either does not exist or you have no rights to it."}
2024-04-09 12:19:25,147 [  1] INFO  HFund.Web.MvcApplication - Startup Application
2024-04-09 12:19:59,879 [  7] INFO  HFund.Web.Controllers.HomeController - cmisupport@cmigroup.com login succesfuly to  FMT 4/9/2024 12:19:59 PM
2024-04-09 12:20:00,100 [  7] INFO  HFund.Web.Controllers.HomeController - 2 Factor Authentication is not activated for this organization
2024-04-09 12:25:27,910 [  8] INFO  HFund.Web.Controllers.Admin_FundingLetterTemplateController - Finding document for  FundingLetterTemplate : 1  / Location: /Admin_FundingLetterTemplate/PrepareDownloadFile/
2024-04-09 12:25:30,496 [  8] WARN  HFund.Web.Controllers.Admin_FundingLetterTemplateController - FundingLetterTemplate for this id not found! : 1  / Location: /Admin_FundingLetterTemplate/PrepareDownloadFile/
2024-04-09 16:37:59,410 [  1] INFO  HFund.Web.MvcApplication - Startup Application
2024-04-09 16:38:02,757 [ 12] ERROR HFund.Web.Controllers.BaseController - [cmisupport@cmigroup.com][Admin_FundingLetterTemplate/Create] The context cannot be used while the model is being created. This exception may be thrown if the context is used inside the OnModelCreating method or if the same context instance is accessed by multiple threads concurrently. Note that instance members of DbContext and related classes are not guaranteed to be thread safe.
2024-04-09 21:28:40,285 [  1] INFO  HFund.Web.MvcApplication - Startup Application
2024-04-11 15:40:09,138 [  1] INFO  HFund.Web.MvcApplication - Startup Application
2024-04-11 15:58:57,184 [ 65] INFO  HFund.Web.Controllers.HomeController - cmisupport@cmigroup.com login succesfuly to  FMT 4/11/2024 3:58:57 PM
2024-04-11 15:58:57,392 [ 65] INFO  HFund.Web.Controllers.HomeController - 2 Factor Authentication is not activated for this organization
2024-04-11 16:28:23,573 [  1] INFO  HFund.Web.MvcApplication - Startup Application
2024-04-24 10:29:40,620 [  1] INFO  HFund.Web.MvcApplication - Startup Application
2024-04-24 10:29:59,937 [  8] INFO  HFund.Web.Controllers.HomeController - cmisupport@cmigroup.com login succesfuly to  FMT 4/24/2024 10:29:59 AM
2024-04-24 10:30:00,256 [  8] INFO  HFund.Web.Controllers.HomeController - 2 Factor Authentication is not activated for this organization
2024-04-24 15:21:54,736 [  1] INFO  HFund.Web.MvcApplication - Startup Application
2024-05-03 11:35:55,993 [  1] INFO  HFund.Web.MvcApplication - Startup Application
2024-05-03 11:36:10,200 [  8] INFO  HFund.Web.Controllers.HomeController - cmisupport@cmigroup.com login succesfuly to  FMT 5/3/2024 11:36:10 AM
2024-05-03 11:36:10,401 [  8] INFO  HFund.Web.Controllers.HomeController - 2 Factor Authentication is not activated for this organization
2024-05-03 11:41:27,669 [ 15] INFO  HFund.Web.ApplicationServices.NotificationManager - SendEmailNotification - (Funding Letter Report - indigenous people (Indigenous Health Plan) (FRPT 0019743))
2024-05-03 16:26:48,500 [  1] INFO  HFund.Web.MvcApplication - Startup Application
2024-05-06 09:11:15,532 [  1] INFO  HFund.Web.MvcApplication - Startup Application
2024-05-06 09:11:28,333 [  6] INFO  HFund.Web.Controllers.HomeController - cmisupport@cmigroup.com login succesfuly to  FMT 5/6/2024 9:11:28 AM
2024-05-06 09:11:28,562 [  6] INFO  HFund.Web.Controllers.HomeController - 2 Factor Authentication is not activated for this organization
2024-05-06 12:16:51,721 [  1] INFO  HFund.Web.MvcApplication - Startup Application
2024-05-06 12:17:01,869 [  6] INFO  HFund.Web.Controllers.HomeController - cmisupport@cmigroup.com login succesfuly to  FMT 5/6/2024 12:17:01 PM
2024-05-06 12:17:02,088 [  6] INFO  HFund.Web.Controllers.HomeController - 2 Factor Authentication is not activated for this organization
2024-05-06 13:33:24,301 [  1] INFO  HFund.Web.MvcApplication - Startup Application
2024-05-06 14:16:55,777 [  1] INFO  HFund.Web.MvcApplication - Startup Application
2024-05-06 14:17:06,140 [  6] INFO  HFund.Web.Controllers.HomeController - cmisupport@cmigroup.com login succesfuly to  FMT 5/6/2024 2:17:06 PM
2024-05-06 14:17:06,333 [  6] INFO  HFund.Web.Controllers.HomeController - 2 Factor Authentication is not activated for this organization
2024-05-06 15:29:22,982 [  1] INFO  HFund.Web.MvcApplication - Startup Application
2024-05-06 15:34:17,970 [ 34] INFO  HFund.Web.MvcApplication - Startup Application
2024-05-06 15:34:26,285 [  9] INFO  HFund.Web.Controllers.HomeController - cmisupport@cmigroup.com login succesfuly to  FMT 5/6/2024 3:34:26 PM
2024-05-06 15:34:26,469 [  9] INFO  HFund.Web.Controllers.HomeController - 2 Factor Authentication is not activated for this organization
2024-05-06 16:04:17,074 [ 69] INFO  HFund.Web.ApplicationServices.NotificationManager - SendEmailNotification - (New User Notification)
2024-05-06 16:07:16,725 [ 72] INFO  HFund.Web.ApplicationServices.NotificationManager - SendEmailNotification - (Funding Letter Report - FY23-24 - One-Time Funding for Local Priorities fund (FRPT 0026476))
2024-05-06 16:40:11,968 [144] INFO  HFund.Web.ApplicationServices.NotificationManager - SendEmailNotification - (Funding Letter Report - FY23-24 One-Time Funding for Pediatric Recovery Initiative (FRPT 0026395))
2024-05-07 11:00:09,695 [  1] INFO  HFund.Web.MvcApplication - Startup Application
2024-05-07 11:00:51,593 [  7] INFO  HFund.Web.Controllers.HomeController - cmisupport@cmigroup.com login succesfuly to  FMT 5/7/2024 11:00:51 AM
2024-05-07 11:00:51,787 [  7] INFO  HFund.Web.Controllers.HomeController - 2 Factor Authentication is not activated for this organization
2024-05-07 12:07:20,202 [  1] INFO  HFund.Web.MvcApplication - Startup Application
2024-05-07 12:12:28,708 [ 49] INFO  HFund.Web.MvcApplication - Startup Application
2024-05-07 12:12:38,945 [  7] INFO  HFund.Web.Controllers.HomeController - cmisupport@cmigroup.com login succesfuly to  FMT 5/7/2024 12:12:38 PM
2024-05-07 12:12:39,136 [  7] INFO  HFund.Web.Controllers.HomeController - 2 Factor Authentication is not activated for this organization
2024-05-07 12:37:36,849 [110] INFO  HFund.Web.MvcApplication - Startup Application
2024-05-07 12:45:34,456 [ 97] INFO  HFund.Web.Controllers.HomeController - cmisupport@cmigroup.com login succesfuly to  FMT 5/7/2024 12:45:34 PM
2024-05-07 12:45:34,610 [ 97] INFO  HFund.Web.Controllers.HomeController - 2 Factor Authentication is not activated for this organization
2024-05-07 12:52:11,026 [110] INFO  HFund.Web.MvcApplication - Startup Application
2024-05-07 12:52:23,508 [ 74] INFO  HFund.Web.Controllers.HomeController - cmisupport@cmigroup.com login succesfuly to  FMT 5/7/2024 12:52:23 PM
2024-05-07 12:52:23,662 [ 74] INFO  HFund.Web.Controllers.HomeController - 2 Factor Authentication is not activated for this organization
2024-05-07 12:53:38,929 [  1] INFO  HFund.Web.MvcApplication - Startup Application
2024-05-07 12:53:52,517 [107] INFO  HFund.Web.Controllers.HomeController - cmisupport@cmigroup.com login succesfuly to  FMT 5/7/2024 12:53:52 PM
2024-05-07 12:53:52,709 [107] INFO  HFund.Web.Controllers.HomeController - 2 Factor Authentication is not activated for this organization
2024-05-07 12:55:11,646 [ 60] INFO  HFund.Web.MvcApplication - Startup Application
2024-05-07 12:55:26,410 [  1] INFO  HFund.Web.MvcApplication - Startup Application
2024-05-07 12:55:38,985 [ 96] INFO  HFund.Web.Controllers.HomeController - cmisupport@cmigroup.com login succesfuly to  FMT 5/7/2024 12:55:38 PM
2024-05-07 12:55:39,174 [ 96] INFO  HFund.Web.Controllers.HomeController - 2 Factor Authentication is not activated for this organization
2024-05-07 15:23:29,887 [  1] INFO  HFund.Web.MvcApplication - Startup Application
2024-05-07 15:23:41,839 [  6] INFO  HFund.Web.Controllers.HomeController - cmisupport@cmigroup.com login succesfuly to  FMT 5/7/2024 3:23:41 PM
2024-05-07 15:23:42,041 [  6] INFO  HFund.Web.Controllers.HomeController - 2 Factor Authentication is not activated for this organization
2024-05-07 15:48:28,374 [  1] INFO  HFund.Web.MvcApplication - Startup Application
2024-05-07 15:48:49,293 [  7] INFO  HFund.Web.Controllers.HomeController - cmisupport@cmigroup.com login succesfuly to  FMT 5/7/2024 3:48:49 PM
2024-05-07 15:48:49,478 [  7] INFO  HFund.Web.Controllers.HomeController - 2 Factor Authentication is not activated for this organization
2024-05-07 16:50:59,346 [  1] INFO  HFund.Web.MvcApplication - Startup Application
2024-05-07 16:55:02,926 [ 35] INFO  HFund.Web.ApplicationServices.NotificationManager - SendEmailNotification - (Funding Letter Report - FY2022-23 Local Priorities Fund (FRPT 0021221))
2024-05-07 16:56:11,950 [ 57] INFO  HFund.Web.MvcApplication - Startup Application
2024-05-07 16:56:22,674 [ 13] INFO  HFund.Web.Controllers.HomeController - cmisupport@cmigroup.com login succesfuly to  FMT 5/7/2024 4:56:22 PM
2024-05-07 16:56:22,861 [ 13] INFO  HFund.Web.Controllers.HomeController - 2 Factor Authentication is not activated for this organization
2024-05-07 16:59:14,539 [ 34] INFO  HFund.Web.MvcApplication - Startup Application
2024-05-07 16:59:24,007 [ 54] INFO  HFund.Web.Controllers.HomeController - cmisupport@cmigroup.com login succesfuly to  FMT 5/7/2024 4:59:24 PM
2024-05-07 16:59:24,187 [ 54] INFO  HFund.Web.Controllers.HomeController - 2 Factor Authentication is not activated for this organization
2024-05-07 17:00:33,455 [ 57] INFO  HFund.Web.MvcApplication - Startup Application
2024-05-07 17:00:42,552 [ 39] INFO  HFund.Web.Controllers.HomeController - cmisupport@cmigroup.com login succesfuly to  FMT 5/7/2024 5:00:42 PM
2024-05-07 17:00:42,733 [ 39] INFO  HFund.Web.Controllers.HomeController - 2 Factor Authentication is not activated for this organization
2024-05-08 10:15:13,452 [  1] INFO  HFund.Web.MvcApplication - Startup Application
2024-05-08 10:15:23,665 [  7] INFO  HFund.Web.Controllers.HomeController - cmisupport@cmigroup.com login succesfuly to  FMT 5/8/2024 10:15:23 AM
2024-05-08 10:15:23,865 [  7] INFO  HFund.Web.Controllers.HomeController - 2 Factor Authentication is not activated for this organization
2024-05-08 10:25:18,269 [ 50] INFO  HFund.Web.MvcApplication - Startup Application
2024-05-08 10:25:27,981 [ 18] INFO  HFund.Web.Controllers.HomeController - cmisupport@cmigroup.com login succesfuly to  FMT 5/8/2024 10:25:27 AM
2024-05-08 10:25:28,172 [ 18] INFO  HFund.Web.Controllers.HomeController - 2 Factor Authentication is not activated for this organization
2024-05-08 10:49:18,107 [  1] INFO  HFund.Web.MvcApplication - Startup Application
2024-05-08 11:09:08,923 [  1] INFO  HFund.Web.MvcApplication - Startup Application
2024-05-08 11:09:18,307 [ 49] INFO  HFund.Web.Controllers.HomeController - cmisupport@cmigroup.com login succesfuly to  FMT 5/8/2024 11:09:18 AM
2024-05-08 11:09:18,490 [ 49] INFO  HFund.Web.Controllers.HomeController - 2 Factor Authentication is not activated for this organization
2024-05-08 11:10:54,301 [ 97] INFO  HFund.Web.Api.ActionsApiController - ConfirmAction / Status will changed from Generated to Distributed / TaskId is 138 / By 405
2024-05-08 11:15:44,964 [  1] INFO  HFund.Web.MvcApplication - Startup Application
2024-05-08 11:15:54,577 [ 18] INFO  HFund.Web.Controllers.HomeController - cmisupport@cmigroup.com login succesfuly to  FMT 5/8/2024 11:15:54 AM
2024-05-08 11:15:54,758 [ 18] INFO  HFund.Web.Controllers.HomeController - 2 Factor Authentication is not activated for this organization
2024-05-08 11:17:00,283 [ 18] INFO  HFund.Web.Api.ActionsApiController - ConfirmAction / Status will changed from Generated to Distributed / TaskId is 138 / By 405
2024-05-08 11:18:55,119 [ 15] INFO  HFund.Web.MvcApplication - Startup Application
2024-05-08 11:19:04,639 [ 84] INFO  HFund.Web.Controllers.HomeController - cmisupport@cmigroup.com login succesfuly to  FMT 5/8/2024 11:19:04 AM
2024-05-08 11:19:04,858 [ 84] INFO  HFund.Web.Controllers.HomeController - 2 Factor Authentication is not activated for this organization
2024-05-08 11:19:48,162 [ 84] INFO  HFund.Web.Api.ActionsApiController - ConfirmAction / Status will changed from Generated to Distributed / TaskId is 138 / By 405
2024-05-08 11:21:44,255 [  1] INFO  HFund.Web.MvcApplication - Startup Application
2024-05-08 11:21:54,616 [ 21] INFO  HFund.Web.Controllers.HomeController - cmisupport@cmigroup.com login succesfuly to  FMT 5/8/2024 11:21:54 AM
2024-05-08 11:21:54,793 [ 21] INFO  HFund.Web.Controllers.HomeController - 2 Factor Authentication is not activated for this organization
2024-05-08 11:22:35,726 [ 21] INFO  HFund.Web.Api.ActionsApiController - ConfirmAction / Status will changed from Generated to Distributed / TaskId is 138 / By 405
2024-05-08 11:23:53,797 [ 65] INFO  HFund.Web.Api.ActionsApiController - ConfirmAction / Status will changed from Generated to Distributed / TaskId is 138 / By 405
2024-05-08 11:24:13,079 [ 65] INFO  HFund.Web.ApplicationServices.NotificationManager - SendEmailNotification - (Funding Letter Report - FY22-23 Temporary Retention Incentive for Nurses Home Care (FRPT 0021191))
2024-05-08 11:24:15,122 [ 65] INFO  HFund.Web.ApplicationServices.NotificationManager - SendEmailNotification - (Funding Letter Report - FY22-23 Temporary Retention Incentive for Nurses Home Care (FRPT 0021191))
2024-05-08 11:25:46,396 [  1] INFO  HFund.Web.MvcApplication - Startup Application
2024-05-08 11:25:56,492 [ 70] INFO  HFund.Web.Controllers.HomeController - cmisupport@cmigroup.com login succesfuly to  FMT 5/8/2024 11:25:56 AM
2024-05-08 11:25:56,670 [ 70] INFO  HFund.Web.Controllers.HomeController - 2 Factor Authentication is not activated for this organization
2024-05-08 11:27:10,810 [ 60] INFO  HFund.Web.Api.ActionsApiController - ConfirmAction / Status will changed from Generated to Distributed / TaskId is 138 / By 405
2024-05-08 11:27:19,117 [ 60] INFO  HFund.Web.ApplicationServices.NotificationManager - SendEmailNotification - (Funding Letter Report - FY2022-23 Local Priorities Fund (FRPT 0021219))
2024-05-08 15:11:31,344 [  1] INFO  HFund.Web.MvcApplication - Startup Application
2024-05-08 16:03:55,495 [  1] INFO  HFund.Web.MvcApplication - Startup Application
2024-05-08 16:10:25,139 [ 29] INFO  HFund.Web.Controllers.HomeController - cmisupport@cmigroup.com login succesfuly to  FMT 5/8/2024 4:10:25 PM
2024-05-08 16:10:25,281 [ 29] INFO  HFund.Web.Controllers.HomeController - 2 Factor Authentication is not activated for this organization
2024-05-08 16:24:36,472 [  1] INFO  HFund.Web.MvcApplication - Startup Application
2024-05-08 16:24:58,217 [ 53] INFO  HFund.Web.Controllers.HomeController - cmisupport@cmigroup.com login succesfuly to  FMT 5/8/2024 4:24:58 PM
2024-05-08 16:24:58,417 [ 53] INFO  HFund.Web.Controllers.HomeController - 2 Factor Authentication is not activated for this organization
2024-05-08 21:20:32,093 [  1] INFO  HFund.Web.MvcApplication - Startup Application
2024-05-09 09:49:23,871 [  1] INFO  HFund.Web.MvcApplication - Startup Application
2024-05-09 09:49:34,630 [  9] INFO  HFund.Web.Controllers.HomeController - cmisupport@cmigroup.com login succesfuly to  FMT 5/9/2024 9:49:34 AM
2024-05-09 09:49:34,770 [  9] INFO  HFund.Web.Controllers.HomeController - 2 Factor Authentication is not activated for this organization
2024-05-09 11:20:47,914 [  1] INFO  HFund.Web.MvcApplication - Startup Application
2024-05-09 11:20:55,241 [  7] INFO  HFund.Web.Controllers.HomeController - cmisupport@cmigroup.com login succesfuly to  FMT 5/9/2024 11:20:55 AM
2024-05-09 11:20:55,386 [  7] INFO  HFund.Web.Controllers.HomeController - 2 Factor Authentication is not activated for this organization
2024-05-09 12:29:09,771 [ 81] INFO  HFund.Web.MvcApplication - Startup Application
2024-05-09 12:29:20,182 [  8] INFO  HFund.Web.Controllers.HomeController - cmisupport@cmigroup.com login succesfuly to  FMT 5/9/2024 12:29:20 PM
2024-05-09 12:29:20,381 [  8] INFO  HFund.Web.Controllers.HomeController - 2 Factor Authentication is not activated for this organization
2024-05-09 12:51:18,419 [  1] INFO  HFund.Web.MvcApplication - Startup Application
2024-05-09 12:53:51,524 [  1] INFO  HFund.Web.MvcApplication - Startup Application
2024-05-09 12:54:00,432 [ 14] INFO  HFund.Web.Controllers.HomeController - cmisupport@cmigroup.com login succesfuly to  FMT 5/9/2024 12:54:00 PM
2024-05-09 12:54:00,664 [ 14] INFO  HFund.Web.Controllers.HomeController - 2 Factor Authentication is not activated for this organization
2024-05-09 13:00:18,577 [ 43] INFO  HFund.Web.MvcApplication - Startup Application
2024-05-09 13:00:33,316 [ 20] INFO  HFund.Web.Controllers.HomeController - cmisupport@cmigroup.com login succesfuly to  FMT 5/9/2024 1:00:33 PM
2024-05-09 13:00:33,512 [ 20] INFO  HFund.Web.Controllers.HomeController - 2 Factor Authentication is not activated for this organization
2024-05-09 13:07:31,850 [ 39] INFO  HFund.Web.MvcApplication - Startup Application
2024-05-09 13:08:55,345 [ 51] INFO  HFund.Web.Controllers.HomeController - cmisupport@cmigroup.com login succesfuly to  FMT 5/9/2024 1:08:55 PM
2024-05-09 13:08:55,535 [ 51] INFO  HFund.Web.Controllers.HomeController - 2 Factor Authentication is not activated for this organization
2024-05-09 15:33:33,353 [ 43] INFO  HFund.Web.MvcApplication - Startup Application
2024-05-09 15:33:44,236 [ 40] INFO  HFund.Web.Controllers.HomeController - cmisupport@cmigroup.com login succesfuly to  FMT 5/9/2024 3:33:44 PM
2024-05-09 15:33:44,427 [ 40] INFO  HFund.Web.Controllers.HomeController - 2 Factor Authentication is not activated for this organization
2024-05-09 15:36:53,257 [  1] INFO  HFund.Web.MvcApplication - Startup Application
2024-05-09 15:37:23,517 [ 33] INFO  HFund.Web.Controllers.HomeController - cmisupport@cmigroup.com login succesfuly to  FMT 5/9/2024 3:37:23 PM
2024-05-09 15:37:23,705 [ 33] INFO  HFund.Web.Controllers.HomeController - 2 Factor Authentication is not activated for this organization
2024-05-09 15:44:07,816 [ 39] INFO  HFund.Web.MvcApplication - Startup Application
2024-05-09 15:44:19,353 [ 46] INFO  HFund.Web.Controllers.HomeController - cmisupport@cmigroup.com login succesfuly to  FMT 5/9/2024 3:44:19 PM
2024-05-09 15:44:19,537 [ 46] INFO  HFund.Web.Controllers.HomeController - 2 Factor Authentication is not activated for this organization
2024-05-09 20:34:44,674 [  1] INFO  HFund.Web.MvcApplication - Startup Application
2024-05-10 15:24:53,802 [  1] INFO  HFund.Web.MvcApplication - Startup Application
2024-05-10 15:24:56,103 [  7] INFO  HFund.Web.Controllers.HomeController - cmisupport@cmigroup.com login succesfuly to  FMT 5/10/2024 3:24:56 PM
2024-05-10 15:24:56,200 [  7] INFO  HFund.Web.Controllers.HomeController - 2 Factor Authentication is not activated for this organization
2024-05-10 16:13:21,041 [  1] INFO  HFund.Web.MvcApplication - Startup Application
2024-05-10 16:14:00,294 [  6] ERROR HFund.Web.ApplicationServices.FundingLetterManager - Could not find a part of the path 'C:\Users\mshahbaz.CMISTORM\Desktop\Workspace\FMT\MozhganWS\D-V7.0.0\HFund\HFund.Web\App_Data\FundingLetters\Template\5-5-Funding Source Letter MSAA Template.docx'.
2024-05-10 21:03:35,021 [  1] INFO  HFund.Web.MvcApplication - Startup Application
2024-05-13 10:18:53,291 [  1] INFO  HFund.Web.MvcApplication - Startup Application
2024-05-13 10:19:08,780 [  7] INFO  HFund.Web.Controllers.HomeController - cmisupport@cmigroup.com login succesfuly to  FMT 5/13/2024 10:19:08 AM
2024-05-13 10:19:08,963 [  7] INFO  HFund.Web.Controllers.HomeController - 2 Factor Authentication is not activated for this organization
2024-05-13 10:34:01,586 [ 70] ERROR HFund.Web.ApplicationServices.FundingLetterManager - Could not find a part of the path 'C:\Users\mshahbaz.CMISTORM\Desktop\Workspace\FMT\MozhganWS\D-V7.0.0\HFund\HFund.Web\App_Data\FundingLetters\Template\5-5-Funding Source Letter MSAA Template.docx'.
2024-05-13 10:34:13,183 [ 70] ERROR HFund.Web.ApplicationServices.FundingLetterManager - Could not find a part of the path 'C:\Users\mshahbaz.CMISTORM\Desktop\Workspace\FMT\MozhganWS\D-V7.0.0\HFund\HFund.Web\App_Data\FundingLetters\Template\5-5-Funding Source Letter MSAA Template.docx'.
2024-05-13 14:42:52,388 [  1] INFO  HFund.Web.MvcApplication - Startup Application
2024-05-13 14:42:56,073 [  8] ERROR HFund.Web.ApplicationServices.FundingLetterManager - Could not find a part of the path 'C:\Users\mshahbaz.CMISTORM\Desktop\Workspace\FMT\MozhganWS\D-V7.0.0\HFund\HFund.Web\App_Data\FundingLetters\Template\5-5-Funding Source Letter MSAA Template.docx'.
2024-05-13 14:43:03,823 [ 19] ERROR HFund.Web.ApplicationServices.FundingLetterManager - Could not find a part of the path 'C:\Users\mshahbaz.CMISTORM\Desktop\Workspace\FMT\MozhganWS\D-V7.0.0\HFund\HFund.Web\App_Data\FundingLetters\Template\5-5-Funding Source Letter MSAA Template.docx'.
2024-05-13 14:43:09,781 [ 19] ERROR HFund.Web.ApplicationServices.FundingLetterManager - Could not find a part of the path 'C:\Users\mshahbaz.CMISTORM\Desktop\Workspace\FMT\MozhganWS\D-V7.0.0\HFund\HFund.Web\App_Data\FundingLetters\Template\3-General Recovery Letter Template.docx'.
2024-05-13 14:43:17,723 [  9] ERROR HFund.Web.ApplicationServices.FundingLetterManager - Could not find a part of the path 'C:\Users\mshahbaz.CMISTORM\Desktop\Workspace\FMT\MozhganWS\D-V7.0.0\HFund\HFund.Web\App_Data\FundingLetters\Template\23-23-23-23-23-23-FY23-24 New HSAA Template.docx'.
2024-05-13 15:05:40,625 [  1] INFO  HFund.Web.MvcApplication - Startup Application
2024-05-13 19:56:42,854 [  1] INFO  HFund.Web.MvcApplication - Startup Application
2024-05-15 15:30:27,667 [  1] INFO  HFund.Web.MvcApplication - Startup Application
2024-05-15 15:30:52,247 [  6] INFO  HFund.Web.Controllers.HomeController - wilbert.yu@cmigroup.com login succesfuly to  FMT 5/15/2024 3:30:52 PM
2024-05-15 15:30:52,248 [  6] WARN  HFund.Web.Controllers.HomeController - wilbert.yu@cmigroup.com was invalid to login to FMT  at  5/15/2024 3:30:52 PM
2024-05-15 15:31:18,964 [  7] INFO  HFund.Web.Controllers.HomeController - cmisupport@cmigroup.com login succesfuly to  FMT 5/15/2024 3:31:18 PM
2024-05-15 15:31:19,151 [  7] INFO  HFund.Web.Controllers.HomeController - 2 Factor Authentication is not activated for this organization
2024-05-15 16:44:41,575 [  1] INFO  HFund.Web.MvcApplication - Startup Application
2024-05-15 16:45:13,826 [  5] INFO  HFund.Web.Controllers.HomeController - cmisupport@cmigroup.com login succesfuly to  FMT 5/15/2024 4:45:13 PM
2024-05-15 16:45:13,828 [  5] WARN  HFund.Web.Controllers.HomeController - cmisupport@cmigroup.com was invalid to login to FMT  at  5/15/2024 4:45:13 PM
2024-05-15 16:45:35,917 [  6] INFO  HFund.Web.Controllers.HomeController - cmisupport@cmigroup.com login succesfuly to  FMT 5/15/2024 4:45:35 PM
2024-05-15 16:45:35,918 [  6] WARN  HFund.Web.Controllers.HomeController - cmisupport@cmigroup.com was invalid to login to FMT  at  5/15/2024 4:45:35 PM
2024-05-15 16:45:43,336 [  5] INFO  HFund.Web.Controllers.HomeController - cmisupport@cmigroup.com login succesfuly to  FMT 5/15/2024 4:45:43 PM
2024-05-15 16:45:43,337 [  5] WARN  HFund.Web.Controllers.HomeController - cmisupport@cmigroup.com was invalid to login to FMT  at  5/15/2024 4:45:43 PM
2024-05-15 16:46:03,447 [  5] INFO  HFund.Web.Controllers.HomeController - cmisupport@cmigroup.com login succesfuly to  FMT 5/15/2024 4:46:03 PM
2024-05-15 16:46:03,616 [  5] INFO  HFund.Web.Controllers.HomeController - 2 Factor Authentication is not activated for this organization
2024-05-15 21:36:57,949 [  1] INFO  HFund.Web.MvcApplication - Startup Application
2024-05-16 15:34:56,630 [ 96] INFO  HFund.Web.MvcApplication - Startup Application
2024-05-16 15:35:10,441 [ 72] INFO  HFund.Web.Controllers.HomeController - cmisupport@cmigroup.com login succesfuly to  FMT 5/16/2024 3:35:10 PM
2024-05-16 15:35:10,643 [ 72] INFO  HFund.Web.Controllers.HomeController - 2 Factor Authentication is not activated for this organization
2024-05-16 15:52:45,219 [ 75] ERROR HFund.Web.Api.ActionsApiController - Error in getting ActiveActionList/ error is Thread was being aborted.
2024-05-16 15:52:59,064 [  1] INFO  HFund.Web.MvcApplication - Startup Application
2024-06-10 10:39:41,003 [ 46] INFO  HFund.Web.MvcApplication - Startup Application
2024-06-10 10:41:47,097 [ 38] INFO  HFund.Web.Controllers.HomeController - cmisupport@cmigroup.com login succesfuly to  FMT 6/10/2024 10:41:47 AM
2024-06-10 10:41:47,285 [ 38] INFO  HFund.Web.Controllers.HomeController - 2 Factor Authentication is not activated for this organization
2024-06-10 10:42:48,118 [ 38] ERROR HFund.Web.Controllers.BaseController - [cmisupport@cmigroup.com][FundingLetter/Ajax_GenerateReport] The JSON request was too large to be deserialized.
2024-07-02 11:46:39,122 [  1] INFO  HFund.Web.MvcApplication - Startup Application
2024-07-02 11:54:08,958 [ 30] INFO  HFund.Web.Controllers.HomeController - cmisupport@cmigroup.com login succesfuly to  FMT 7/2/2024 11:54:08 AM
2024-07-02 11:54:09,140 [ 30] INFO  HFund.Web.Controllers.HomeController - 2 Factor Authentication is not activated for this organization
2024-07-02 11:54:37,945 [ 29] INFO  HFund.Web.Controllers.ReportTemplateController - Json file will be created for FundingDetailId : 25691 , Period is 4 - / Location: ReportTemplateController/ReportFileDownload  
2024-07-02 11:55:14,186 [ 29] ERROR HFund.Web.Controllers.BaseController - [cmisupport@cmigroup.com][ReportTemplate/ReportFileDownload] Error during serialization or deserialization using the JSON JavaScriptSerializer. The length of the string exceeds the value set on the maxJsonLength property.
2024-07-02 12:00:13,492 [ 23] ERROR HFund.Web.MvcApplication - A public action method 'ReportFileDownload' was not found on controller 'HFund.Web.Controllers.ReportTemplateController'.
2024-07-02 12:01:15,003 [ 41] INFO  HFund.Web.Controllers.ReportTemplateController - Json file will be created for FundingDetailId : 25691 , Period is 4 - / Location: ReportTemplateController/ReportFileDownload  
2024-07-02 12:01:57,374 [ 41] ERROR HFund.Web.Controllers.BaseController - [cmisupport@cmigroup.com][ReportTemplate/ReportFileDownload] Error during serialization or deserialization using the JSON JavaScriptSerializer. The length of the string exceeds the value set on the maxJsonLength property.
2024-07-02 12:13:56,191 [ 60] INFO  HFund.Web.Controllers.ReportTemplateController - Json file will be created for FundingDetailId : 25691 , Period is 4 - / Location: ReportTemplateController/ReportFileDownload  
2024-07-02 12:20:41,340 [ 60] ERROR HFund.Web.Controllers.BaseController - [cmisupport@cmigroup.com][ReportTemplate/ReportFileDownload] Error during serialization or deserialization using the JSON JavaScriptSerializer. The length of the string exceeds the value set on the maxJsonLength property.
2024-07-02 12:20:54,749 [ 60] INFO  HFund.Web.Controllers.ReportTemplateController - Json file will be created for FundingDetailId : 25691 , Period is 4 - / Location: ReportTemplateController/ReportFileDownload  
2024-07-02 12:23:40,110 [ 60] ERROR HFund.Web.Controllers.BaseController - [cmisupport@cmigroup.com][ReportTemplate/ReportFileDownload] Error during serialization or deserialization using the JSON JavaScriptSerializer. The length of the string exceeds the value set on the maxJsonLength property.
2024-07-02 12:27:20,667 [ 45] INFO  HFund.Web.MvcApplication - Startup Application
2024-07-02 12:27:44,111 [ 72] INFO  HFund.Web.Controllers.HomeController - cmisupport@cmigroup.com login succesfuly to  FMT 7/2/2024 12:27:44 PM
2024-07-02 12:27:44,300 [ 72] INFO  HFund.Web.Controllers.HomeController - 2 Factor Authentication is not activated for this organization
2024-07-02 12:28:18,724 [ 47] INFO  HFund.Web.Controllers.ReportTemplateController - Json file will be created for FundingDetailId : 25691 , Period is 4 - / Location: ReportTemplateController/ReportFileDownload  
2024-07-02 12:31:27,182 [ 47] ERROR HFund.Web.Controllers.BaseController - [cmisupport@cmigroup.com][ReportTemplate/ReportFileDownload] Error during serialization or deserialization using the JSON JavaScriptSerializer. The length of the string exceeds the value set on the maxJsonLength property.
2024-07-02 12:31:34,537 [ 47] INFO  HFund.Web.Controllers.ReportTemplateController - Json file will be created for FundingDetailId : 25691 , Period is 4 - / Location: ReportTemplateController/ReportFileDownload  
2024-07-02 12:35:49,010 [ 47] ERROR HFund.Web.Controllers.BaseController - [cmisupport@cmigroup.com][ReportTemplate/ReportFileDownload] Error during serialization or deserialization using the JSON JavaScriptSerializer. The length of the string exceeds the value set on the maxJsonLength property.
2024-07-02 12:39:34,918 [ 85] INFO  HFund.Web.MvcApplication - Startup Application
2024-07-02 12:40:27,932 [  9] INFO  HFund.Web.Controllers.HomeController - cmisupport@cmigroup.com login succesfuly to  FMT 7/2/2024 12:40:27 PM
2024-07-02 12:40:28,111 [  9] INFO  HFund.Web.Controllers.HomeController - 2 Factor Authentication is not activated for this organization
2024-07-02 12:41:25,270 [ 18] INFO  HFund.Web.Controllers.ReportTemplateController - Json file will be created for FundingDetailId : 25691 , Period is 4 - / Location: ReportTemplateController/ReportFileDownload  
2024-07-02 12:43:28,849 [ 18] ERROR HFund.Web.Controllers.BaseController - [cmisupport@cmigroup.com][ReportTemplate/ReportFileDownload] Error during serialization or deserialization using the JSON JavaScriptSerializer. The length of the string exceeds the value set on the maxJsonLength property.
2024-07-02 12:48:00,618 [ 18] INFO  HFund.Web.Controllers.ReportTemplateController - Json file will be created for FundingDetailId : 25691 , Period is 4 - / Location: ReportTemplateController/ReportFileDownload  
2024-07-02 12:48:15,080 [ 18] ERROR HFund.Web.Controllers.BaseController - [cmisupport@cmigroup.com][ReportTemplate/ReportFileDownload] Error during serialization or deserialization using the JSON JavaScriptSerializer. The length of the string exceeds the value set on the maxJsonLength property.
2024-07-02 15:07:15,417 [  1] INFO  HFund.Web.MvcApplication - Startup Application
2024-07-02 15:47:20,475 [  1] INFO  HFund.Web.MvcApplication - Startup Application
2024-07-02 15:47:24,010 [ 23] INFO  HFund.Web.Controllers.HomeController - cmisupport@cmigroup.com login succesfuly to  FMT 7/2/2024 3:47:24 PM
2024-07-02 15:47:24,139 [ 23] INFO  HFund.Web.Controllers.HomeController - 2 Factor Authentication is not activated for this organization
2024-07-02 15:48:07,017 [ 17] INFO  HFund.Web.Controllers.ReportTemplateController - Json file will be created for FundingDetailId : 25691 , Period is 4 - / Location: ReportTemplateController/ReportFileDownload  
2024-07-02 15:48:16,895 [ 17] ERROR HFund.Web.Controllers.BaseController - [cmisupport@cmigroup.com][ReportTemplate/ReportFileDownload] Error during serialization or deserialization using the JSON JavaScriptSerializer. The length of the string exceeds the value set on the maxJsonLength property.
2024-07-02 15:52:09,716 [ 19] INFO  HFund.Web.Controllers.HomeController - cmisupport@cmigroup.com login succesfuly to  FMT 7/2/2024 3:52:09 PM
2024-07-02 15:52:09,738 [ 19] INFO  HFund.Web.Controllers.HomeController - 2 Factor Authentication is not activated for this organization
2024-07-02 15:53:44,014 [ 40] INFO  HFund.Web.Controllers.ReportTemplateController - Json file will be created for FundingDetailId : 25691 , Period is 4 - / Location: ReportTemplateController/ReportFileDownload  
2024-07-02 16:00:51,008 [ 40] ERROR HFund.Web.Controllers.BaseController - [cmisupport@cmigroup.com][ReportTemplate/ReportFileDownload] Error during serialization or deserialization using the JSON JavaScriptSerializer. The length of the string exceeds the value set on the maxJsonLength property.
2024-07-02 16:00:58,712 [ 40] INFO  HFund.Web.Controllers.ReportTemplateController - Json file will be created for FundingDetailId : 25691 , Period is 4 - / Location: ReportTemplateController/ReportFileDownload  
2024-07-02 16:07:39,281 [ 40] ERROR HFund.Web.Controllers.BaseController - [cmisupport@cmigroup.com][ReportTemplate/ReportFileDownload] Error during serialization or deserialization using the JSON JavaScriptSerializer. The length of the string exceeds the value set on the maxJsonLength property.
2024-07-02 16:09:27,541 [ 73] INFO  HFund.Web.MvcApplication - Startup Application
2024-07-02 16:09:36,972 [ 47] INFO  HFund.Web.Controllers.HomeController - cmisupport@cmigroup.com login succesfuly to  FMT 7/2/2024 4:09:36 PM
2024-07-02 16:09:37,166 [ 47] INFO  HFund.Web.Controllers.HomeController - 2 Factor Authentication is not activated for this organization
2024-07-02 16:10:16,966 [ 47] INFO  HFund.Web.Controllers.ReportTemplateController - Json file will be created for FundingDetailId : 25691 , Period is 4 - / Location: ReportTemplateController/ReportFileDownload  
2024-07-02 16:11:25,433 [ 13] INFO  HFund.Web.Controllers.ReportTemplateController - Excel file wiil be created for FundingDetailId : 25691 , Period is 4 - / Location: ReportTemplateController/ExportReport  
2024-07-02 16:12:00,248 [ 13] ERROR HFund.Web.Controllers.ReportTemplateController - Error accured when excel file was creating cell by cell, error is : A worksheet with the same name (Extendicare (Ca) has already been added.
Parameter name: sheetName / Location: ReportTepmplateController/ExportExcelReport !
2024-07-02 16:12:00,286 [ 13] ERROR HFund.Web.Controllers.ReportTemplateController -  ReportTemplateController/ExportReport - error message is : A worksheet with the same name (Extendicare (Ca) has already been added.
Parameter name: sheetName
2024-07-02 16:16:01,467 [  1] INFO  HFund.Web.MvcApplication - Startup Application
2024-07-02 16:19:08,371 [ 42] INFO  HFund.Web.Controllers.HomeController - cmisupport@cmigroup.com login succesfuly to  FMT 7/2/2024 4:19:08 PM
2024-07-02 16:19:08,569 [ 42] INFO  HFund.Web.Controllers.HomeController - 2 Factor Authentication is not activated for this organization
2024-07-02 16:19:19,987 [  1] INFO  HFund.Web.MvcApplication - Startup Application
2024-07-02 16:19:57,673 [ 22] INFO  HFund.Web.Controllers.ReportTemplateController - Json file will be created for FundingDetailId : 25691 , Period is 4 - / Location: ReportTemplateController/ReportFileDownload  
2024-07-02 16:20:07,562 [ 21] INFO  HFund.Web.Controllers.ReportTemplateController - Excel file wiil be created for FundingDetailId : 25691 , Period is 4 - / Location: ReportTemplateController/ExportReport  
2024-07-02 16:20:25,483 [ 21] ERROR HFund.Web.Controllers.ReportTemplateController - Error accured when excel file was creating cell by cell, error is : Invalid char (/) found at index (1) in sheet name '1/Arirang Age-F' / Location: ReportTepmplateController/ExportExcelReport !
2024-07-02 16:20:25,486 [ 21] ERROR HFund.Web.Controllers.ReportTemplateController -  ReportTemplateController/ExportReport - error message is : Invalid char (/) found at index (1) in sheet name '1/Arirang Age-F'
2024-07-02 16:21:16,483 [ 38] INFO  HFund.Web.MvcApplication - Startup Application
2024-07-02 16:21:25,997 [  8] INFO  HFund.Web.Controllers.HomeController - cmisupport@cmigroup.com login succesfuly to  FMT 7/2/2024 4:21:25 PM
2024-07-02 16:21:26,189 [  8] INFO  HFund.Web.Controllers.HomeController - 2 Factor Authentication is not activated for this organization
2024-07-02 16:22:19,632 [  8] ERROR HFund.Web.Controllers.BaseController - [cmisupport@cmigroup.com][CommonPartialView/ProjectStatusInfo] Object reference not set to an instance of an object.
2024-07-02 16:22:19,659 [  8] ERROR HFund.Web.Controllers.BaseController - [cmisupport@cmigroup.com][AdminLetter/ReportTemplate] Error executing child request for handler 'System.Web.Mvc.HttpHandlerUtil+ServerExecuteHttpHandlerAsyncWrapper'.
2024-07-02 16:22:34,908 [  8] INFO  HFund.Web.Controllers.HomeController - cmisupport@cmigroup.com login succesfuly to  FMT 7/2/2024 4:22:34 PM
2024-07-02 16:22:34,934 [  8] INFO  HFund.Web.Controllers.HomeController - 2 Factor Authentication is not activated for this organization
2024-07-02 16:23:03,759 [ 19] INFO  HFund.Web.Controllers.ReportTemplateController - Json file will be created for FundingDetailId : 25691 , Period is 4 - / Location: ReportTemplateController/ReportFileDownload  
2024-07-02 16:23:46,243 [ 12] INFO  HFund.Web.Controllers.ReportTemplateController - Excel file wiil be created for FundingDetailId : 25691 , Period is 4 - / Location: ReportTemplateController/ExportReport  
2024-07-02 16:24:37,809 [ 12] ERROR HFund.Web.Controllers.ReportTemplateController - Error accured when excel file was creating cell by cell, error is : Length cannot be less than zero.
Parameter name: length / Location: ReportTepmplateController/ExportExcelReport !
2024-07-02 16:24:37,847 [ 12] ERROR HFund.Web.Controllers.ReportTemplateController -  ReportTemplateController/ExportReport - error message is : Length cannot be less than zero.
Parameter name: length
2024-07-02 16:25:41,136 [ 12] INFO  HFund.Web.Controllers.ReportTemplateController - Json file will be created for FundingDetailId : 25691 , Period is 4 - / Location: ReportTemplateController/ReportFileDownload  
2024-07-02 16:26:33,028 [ 14] INFO  HFund.Web.Controllers.ReportTemplateController - Excel file wiil be created for FundingDetailId : 25691 , Period is 4 - / Location: ReportTemplateController/ExportReport  
2024-07-02 16:28:47,696 [ 14] ERROR HFund.Web.Controllers.ReportTemplateController - Error accured when excel file was creating cell by cell, error is : Length cannot be less than zero.
Parameter name: length / Location: ReportTepmplateController/ExportExcelReport !
2024-07-02 16:28:47,701 [ 14] ERROR HFund.Web.Controllers.ReportTemplateController -  ReportTemplateController/ExportReport - error message is : Length cannot be less than zero.
Parameter name: length
2024-07-02 16:29:39,793 [ 38] INFO  HFund.Web.MvcApplication - Startup Application
2024-07-02 16:29:50,867 [ 51] INFO  HFund.Web.Controllers.HomeController - cmisupport@cmigroup.com login succesfuly to  FMT 7/2/2024 4:29:50 PM
2024-07-02 16:29:51,069 [ 51] INFO  HFund.Web.Controllers.HomeController - 2 Factor Authentication is not activated for this organization
2024-07-02 16:32:25,961 [ 12] INFO  HFund.Web.Controllers.ReportTemplateController - Json file will be created for FundingDetailId : 25691 , Period is 4 - / Location: ReportTemplateController/ReportFileDownload  
2024-07-02 16:32:53,413 [  6] INFO  HFund.Web.Controllers.ReportTemplateController - Excel file wiil be created for FundingDetailId : 25691 , Period is 4 - / Location: ReportTemplateController/ExportReport  
2024-07-22 14:49:37,790 [  1] INFO  HFund.Web.MvcApplication - Startup Application
2024-07-22 14:49:57,877 [  1] INFO  HFund.Web.MvcApplication - Startup Application
2024-07-22 14:50:11,235 [  7] INFO  HFund.Web.Controllers.HomeController - cmisupport@cmigroup.com login succesfuly to  FMT 7/22/2024 2:50:11 PM
2024-07-22 14:50:11,468 [  7] INFO  HFund.Web.Controllers.HomeController - 2 Factor Authentication is not activated for this organization
2024-07-22 19:40:22,920 [  1] INFO  HFund.Web.MvcApplication - Startup Application
2024-07-24 14:05:19,698 [  1] INFO  HFund.Web.MvcApplication - Startup Application
2024-07-24 14:05:36,833 [  6] INFO  HFund.Web.Controllers.HomeController - cmisupport@cmigroup.com login succesfuly to  FMT 7/24/2024 2:05:36 PM
2024-07-24 14:05:37,038 [  6] INFO  HFund.Web.Controllers.HomeController - 2 Factor Authentication is not activated for this organization
2024-07-24 14:15:01,196 [  7] INFO  HFund.Web.Controllers.ReportTemplateController - Json file will be created for FundingDetailId : 24950 , Period is 4 - / Location: ReportTemplateController/ReportFileDownload  
2024-07-24 14:16:17,661 [  8] INFO  HFund.Web.Controllers.ReportTemplateController - Excel file wiil be created for FundingDetailId : 24950 , Period is 4 - / Location: ReportTemplateController/ExportReport  
2024-07-24 19:04:21,836 [  1] INFO  HFund.Web.MvcApplication - Startup Application
2024-08-14 10:47:21,481 [  1] INFO  HFund.Web.MvcApplication - Startup Application
2024-08-14 10:47:30,196 [  6] INFO  HFund.Web.Controllers.HomeController - cmisupport@cmigroup.com login succesfuly to  FMT 8/14/2024 10:47:30 AM
2024-08-14 10:47:30,331 [  6] INFO  HFund.Web.Controllers.HomeController - 2 Factor Authentication is not activated for this organization
2024-08-14 10:51:28,786 [  8] INFO  HFund.Web.Controllers.HomeController - cmisupport@cmigroup.com login succesfuly to  FMT 8/14/2024 10:51:28 AM
2024-08-14 10:51:28,806 [  8] INFO  HFund.Web.Controllers.HomeController - 2 Factor Authentication is not activated for this organization
2024-08-14 10:55:02,722 [ 36] ERROR HFund.Web.ApplicationServices.FundingLetterManager - Could not find file 'C:\Users\mshahbaz.CMISTORM\Desktop\Workspace\FMT\MozhganWS\D-V7.0.0\HFund\HFund.Web\App_Data\FundingLetters\Template\23-23-FY23-24 New HSAA Template.docx'.
2024-08-14 10:57:05,807 [ 36] ERROR HFund.Web.ApplicationServices.FundingLetterManager - Could not find file 'C:\Users\mshahbaz.CMISTORM\Desktop\Workspace\FMT\MozhganWS\D-V7.0.0\HFund\HFund.Web\App_Data\FundingLetters\Template\23-23-FY23-24 New HSAA Template.docx'.
2024-08-14 10:59:57,487 [ 31] ERROR HFund.Web.ApplicationServices.FundingLetterManager - Could not find file 'C:\Users\mshahbaz.CMISTORM\Desktop\Workspace\FMT\MozhganWS\D-V7.0.0\HFund\HFund.Web\App_Data\FundingLetters\Template\23-23-FY23-24 New HSAA Template.docx'.
2024-08-14 11:00:18,576 [ 36] ERROR HFund.Web.ApplicationServices.FundingLetterManager - Could not find file 'C:\Users\mshahbaz.CMISTORM\Desktop\Workspace\FMT\MozhganWS\D-V7.0.0\HFund\HFund.Web\App_Data\FundingLetters\Template\23-23-FY23-24 New HSAA Template.docx'.
2024-08-14 11:03:34,280 [ 36] ERROR HFund.Web.ApplicationServices.FundingLetterManager - Could not find file 'C:\Users\mshahbaz.CMISTORM\Desktop\Workspace\FMT\MozhganWS\D-V7.0.0\HFund\HFund.Web\App_Data\FundingLetters\Template\23-23-FY23-24 New HSAA Template.docx'.
2024-08-14 12:02:12,018 [ 79] ERROR HFund.Web.ApplicationServices.FundingLetterManager - Error in adding recipients into the funding letter /Object reference not set to an instance of an object.
2024-09-25 10:11:41,913 [  1] INFO  HFund.Web.MvcApplication - Startup Application
2024-09-25 10:11:56,805 [  7] INFO  HFund.Web.Controllers.HomeController - cmisupport@cmigroup.com login succesfuly to  FMT 9/25/2024 10:11:56 AM
2024-09-25 10:11:56,951 [  7] INFO  HFund.Web.Controllers.HomeController - 2 Factor Authentication is not activated for this organization
2024-09-25 10:14:10,328 [  8] INFO  HFund.Web.Controllers.ReportTemplateController - Individual json file will be created for FundingDetailId : 26877 - location: ReportTemplateController/FundingLetterReportFileDownload
2024-09-25 10:14:27,043 [  8] INFO  HFund.Web.Controllers.ReportTemplateController - Individual json file will be created for FundingDetailId : 26877 - location: ReportTemplateController/FundingLetterReportFileDownload
2024-09-25 10:14:50,892 [  9] INFO  HFund.Web.Controllers.ReportTemplateController - Export Report Per HSP for FundingDetailId : 26877 - Location : ReportTemplateController/ExportReportPerHSP 
2024-09-25 10:18:58,968 [  9] ERROR HFund.Web.Controllers.ReportTemplateController - Invalid char (/) found at index (5) in sheet name 'FY 23/24 Year-e'
2024-09-25 10:18:59,019 [  9] ERROR HFund.Web.Controllers.ReportTemplateController -  ReportTemplateController/ExportReportPerHSP - error message is : Invalid char (/) found at index (5) in sheet name 'FY 23/24 Year-e'
2024-09-25 10:19:19,698 [  8] INFO  HFund.Web.Controllers.ReportTemplateController - Individual json file will be created for FundingDetailId : 26877 - location: ReportTemplateController/FundingLetterReportFileDownload
2024-09-25 10:19:32,904 [  9] INFO  HFund.Web.Controllers.ReportTemplateController - Export Report Per HSP for FundingDetailId : 26877 - Location : ReportTemplateController/ExportReportPerHSP 
2024-09-25 10:20:41,729 [  9] ERROR HFund.Web.Controllers.ReportTemplateController - Invalid char (/) found at index (5) in sheet name 'FY 23/24 Year-e'
2024-09-25 10:20:41,771 [  9] ERROR HFund.Web.Controllers.ReportTemplateController -  ReportTemplateController/ExportReportPerHSP - error message is : Invalid char (/) found at index (5) in sheet name 'FY 23/24 Year-e'
2024-09-25 10:20:55,384 [  8] INFO  HFund.Web.Controllers.ReportTemplateController - Individual json file will be created for FundingDetailId : 26877 - location: ReportTemplateController/FundingLetterReportFileDownload
2024-09-25 10:20:56,876 [  9] INFO  HFund.Web.Controllers.ReportTemplateController - Export Report Per HSP for FundingDetailId : 26877 - Location : ReportTemplateController/ExportReportPerHSP 
2024-09-25 10:43:55,046 [  9] ERROR HFund.Web.Controllers.ReportTemplateController - Invalid char (/) found at index (5) in sheet name 'FY 23/24 Year-e'
2024-09-25 10:43:55,054 [  9] ERROR HFund.Web.Controllers.ReportTemplateController -  ReportTemplateController/ExportReportPerHSP - error message is : Invalid char (/) found at index (5) in sheet name 'FY 23/24 Year-e'
2024-09-25 10:48:31,823 [ 80] INFO  HFund.Web.MvcApplication - Startup Application
2024-09-25 10:48:53,683 [  9] INFO  HFund.Web.Controllers.HomeController - cmisupport@cmigroup.com login succesfuly to  FMT 9/25/2024 10:48:53 AM
2024-09-25 10:48:53,891 [  9] INFO  HFund.Web.Controllers.HomeController - 2 Factor Authentication is not activated for this organization
2024-09-25 10:49:29,897 [ 82] INFO  HFund.Web.Controllers.ReportTemplateController - Individual json file will be created for FundingDetailId : 26877 - location: ReportTemplateController/FundingLetterReportFileDownload
2024-09-25 10:49:32,722 [109] INFO  HFund.Web.Controllers.ReportTemplateController - Export Report Per HSP for FundingDetailId : 26877 - Location : ReportTemplateController/ExportReportPerHSP 
2024-09-25 11:12:31,091 [114] INFO  HFund.Web.MvcApplication - Startup Application
2024-09-25 11:12:44,744 [ 41] INFO  HFund.Web.Controllers.HomeController - cmisupport@cmigroup.com login succesfuly to  FMT 9/25/2024 11:12:44 AM
2024-09-25 11:12:44,934 [ 41] INFO  HFund.Web.Controllers.HomeController - 2 Factor Authentication is not activated for this organization
2024-09-25 11:15:54,811 [  1] INFO  HFund.Web.MvcApplication - Startup Application
2024-09-25 11:16:03,804 [116] INFO  HFund.Web.Controllers.HomeController - cmisupport@cmigroup.com login succesfuly to  FMT 9/25/2024 11:16:03 AM
2024-09-25 11:16:04,005 [116] INFO  HFund.Web.Controllers.HomeController - 2 Factor Authentication is not activated for this organization
2024-11-22 11:44:56,604 [ 39] INFO  HFund.Web.MvcApplication - Startup Application
2024-11-22 11:45:09,906 [ 64] INFO  HFund.Web.Controllers.HomeController - cmisupport@cmigroup.com login succesfuly to  FMT 11/22/2024 11:45:09 AM
2024-11-22 11:45:10,116 [ 64] INFO  HFund.Web.Controllers.HomeController - 2 Factor Authentication is not activated for this organization
2024-11-22 11:46:47,832 [ 68] INFO  HFund.Web.Api.ActionsApiController - ConfirmAction / Status will changed from Signature by VP In Progress to Input Into APTS / TaskId is 82 / By 405
2024-11-22 12:43:23,667 [  1] INFO  HFund.Web.MvcApplication - Startup Application
2024-11-22 12:43:33,339 [  6] INFO  HFund.Web.Controllers.HomeController - cmisupport@cmigroup.com login succesfuly to  FMT 11/22/2024 12:43:33 PM
2024-11-22 12:43:33,564 [  6] INFO  HFund.Web.Controllers.HomeController - 2 Factor Authentication is not activated for this organization
2024-11-22 12:50:56,912 [ 45] INFO  HFund.Web.Controllers.HomeController - cmisupport@cmigroup.com login succesfuly to  FMT 11/22/2024 12:50:56 PM
2024-11-22 12:50:56,934 [ 45] INFO  HFund.Web.Controllers.HomeController - 2 Factor Authentication is not activated for this organization
2024-12-10 09:28:27,582 [  1] INFO  HFund.Web.MvcApplication - Startup Application
2024-12-10 09:28:50,546 [  7] INFO  HFund.Web.Controllers.HomeController - cmisupport@cmigroup.com login succesfuly to  FMT 12/10/2024 9:28:50 AM
2024-12-10 09:28:50,796 [  7] INFO  HFund.Web.Controllers.HomeController - 2 Factor Authentication is not activated for this organization
2024-12-10 09:30:51,179 [  7] INFO  HFund.Web.Api.ActionsApiController - ConfirmAction / Status will changed from Signature by Signing Director In Progress to Input Into APTS / TaskId is 82 / By 405
2024-12-10 09:31:32,150 [  7] INFO  HFund.Web.Api.ActionsApiController - ConfirmAction / Status will changed from Input Into APTS to Funding Letter Received / TaskId is 130 / By 405
2024-12-10 10:09:28,822 [  1] INFO  HFund.Web.MvcApplication - Startup Application
2024-12-10 10:09:40,491 [  6] INFO  HFund.Web.Controllers.HomeController - cmisupport@cmigroup.com login succesfuly to  FMT 12/10/2024 10:09:40 AM
2024-12-10 10:09:40,675 [  6] INFO  HFund.Web.Controllers.HomeController - 2 Factor Authentication is not activated for this organization
